# JRE version: OpenJDK Runtime Environment Corretto-17.0.15.6.1 (17.0.15+6) (build 17.0.15+6-LTS)
# Java VM: OpenJDK 64-Bit Server VM Corretto-17.0.15.6.1 (17.0.15+6-LTS, mixed mode, sharing, tiered, compressed oops, compressed class ptrs, g1 gc, windows-amd64)
GC Precious Log:
 CPUs: 20 total, 20 available
 Memory: 24417M
 Large Page Support: Disabled
 NUMA Support: Disabled
 Compressed Oops: Enabled (Zero based)
 Heap Region Size: 4M
 Heap Min Capacity: 8M
 Heap Initial Capacity: 384M
 Heap Max Capacity: 6108M
 Pre-touch: Disabled
 Parallel Workers: 15
 Concurrent Workers: 4
 Concurrent Refinement Workers: 15
 Periodic GC: Disabled
Heap:
 garbage-first heap   total 233472K, used 134638K [0x0000000682400000, 0x0000000800000000)
  region size 4096K, 27 young (110592K), 1 survivors (4096K)
 Metaspace       used 29922K, committed 30272K, reserved 1114112K
  class space    used 3348K, committed 3520K, reserved 1048576K
GC Heap History (14 events):
Event: 0.563 GC heap before
{Heap before GC invocations=0 (full 0):
 garbage-first heap   total 393216K, used 20480K [0x0000000682400000, 0x0000000800000000)
  region size 4096K, 5 young (20480K), 0 survivors (0K)
 Metaspace       used 5595K, committed 5760K, reserved 1114112K
  class space    used 657K, committed 704K, reserved 1048576K
}
Event: 0.566 GC heap after
{Heap after GC invocations=1 (full 0):
 garbage-first heap   total 393216K, used 3741K [0x0000000682400000, 0x0000000800000000)
  region size 4096K, 1 young (4096K), 1 survivors (4096K)
 Metaspace       used 5595K, committed 5760K, reserved 1114112K
  class space    used 657K, committed 704K, reserved 1048576K
}
Event: 0.890 GC heap before
{Heap before GC invocations=1 (full 0):
 garbage-first heap   total 393216K, used 28317K [0x0000000682400000, 0x0000000800000000)
  region size 4096K, 7 young (28672K), 1 survivors (4096K)
 Metaspace       used 7557K, committed 7680K, reserved 1114112K
  class space    used 889K, committed 960K, reserved 1048576K
}
Event: 0.894 GC heap after
{Heap after GC invocations=2 (full 0):
 garbage-first heap   total 393216K, used 4634K [0x0000000682400000, 0x0000000800000000)
  region size 4096K, 1 young (4096K), 1 survivors (4096K)
 Metaspace       used 7557K, committed 7680K, reserved 1114112K
  class space    used 889K, committed 960K, reserved 1048576K
}
Event: 3.788 GC heap before
{Heap before GC invocations=2 (full 0):
 garbage-first heap   total 393216K, used 119322K [0x0000000682400000, 0x0000000800000000)
  region size 4096K, 30 young (122880K), 1 survivors (4096K)
 Metaspace       used 21264K, committed 21504K, reserved 1114112K
  class space    used 2488K, committed 2624K, reserved 1048576K
}
Event: 3.796 GC heap after
{Heap after GC invocations=3 (full 0):
 garbage-first heap   total 393216K, used 11684K [0x0000000682400000, 0x0000000800000000)
  region size 4096K, 3 young (12288K), 3 survivors (12288K)
 Metaspace       used 21264K, committed 21504K, reserved 1114112K
  class space    used 2488K, committed 2624K, reserved 1048576K
}
Event: 4.382 GC heap before
{Heap before GC invocations=4 (full 0):
 garbage-first heap   total 69632K, used 40356K [0x0000000682400000, 0x0000000800000000)
  region size 4096K, 10 young (40960K), 3 survivors (12288K)
 Metaspace       used 25966K, committed 26176K, reserved 1114112K
  class space    used 2995K, committed 3072K, reserved 1048576K
}
Event: 4.396 GC heap after
{Heap after GC invocations=5 (full 0):
 garbage-first heap   total 69632K, used 20879K [0x0000000682400000, 0x0000000800000000)
  region size 4096K, 2 young (8192K), 2 survivors (8192K)
 Metaspace       used 25966K, committed 26176K, reserved 1114112K
  class space    used 2995K, committed 3072K, reserved 1048576K
}
Event: 4.576 GC heap before
{Heap before GC invocations=5 (full 0):
 garbage-first heap   total 69632K, used 24975K [0x0000000682400000, 0x0000000800000000)
  region size 4096K, 3 young (12288K), 2 survivors (8192K)
 Metaspace       used 25994K, committed 26176K, reserved 1114112K
  class space    used 2997K, committed 3072K, reserved 1048576K
}
Event: 4.594 GC heap after
{Heap after GC invocations=6 (full 0):
 garbage-first heap   total 69632K, used 23228K [0x0000000682400000, 0x0000000800000000)
  region size 4096K, 1 young (4096K), 1 survivors (4096K)
 Metaspace       used 25994K, committed 26176K, reserved 1114112K
  class space    used 2997K, committed 3072K, reserved 1048576K
}
Event: 4.797 GC heap before
{Heap before GC invocations=6 (full 0):
 garbage-first heap   total 69632K, used 39612K [0x0000000682400000, 0x0000000800000000)
  region size 4096K, 5 young (20480K), 1 survivors (4096K)
 Metaspace       used 26014K, committed 26240K, reserved 1114112K
  class space    used 2997K, committed 3072K, reserved 1048576K
}
Event: 4.803 GC heap after
{Heap after GC invocations=7 (full 0):
 garbage-first heap   total 69632K, used 28334K [0x0000000682400000, 0x0000000800000000)
  region size 4096K, 1 young (4096K), 1 survivors (4096K)
 Metaspace       used 26014K, committed 26240K, reserved 1114112K
  class space    used 2997K, committed 3072K, reserved 1048576K
}
Event: 5.195 GC heap before
{Heap before GC invocations=7 (full 0):
 garbage-first heap   total 69632K, used 44718K [0x0000000682400000, 0x0000000800000000)
  region size 4096K, 5 young (20480K), 1 survivors (4096K)
 Metaspace       used 26491K, committed 26752K, reserved 1114112K
  class space    used 3046K, committed 3200K, reserved 1048576K
}
Event: 5.208 GC heap after
{Heap after GC invocations=8 (full 0):
 garbage-first heap   total 233472K, used 32238K [0x0000000682400000, 0x0000000800000000)
  region size 4096K, 1 young (4096K), 1 survivors (4096K)
 Metaspace       used 26491K, committed 26752K, reserved 1114112K
  class space    used 3046K, committed 3200K, reserved 1048576K
}

