# JRE version: OpenJDK Runtime Environment Corretto-17.0.15.6.1 (17.0.15+6) (build 17.0.15+6-LTS)
# Java VM: OpenJDK 64-Bit Server VM Corretto-17.0.15.6.1 (17.0.15+6-LTS, mixed mode, sharing, tiered, compressed oops, compressed class ptrs, g1 gc, windows-amd64)
GC Precious Log:
 CPUs: 20 total, 20 available
 Memory: 24417M
 Large Page Support: Disabled
 NUMA Support: Disabled
 Compressed Oops: Enabled (Zero based)
 Heap Region Size: 4M
 Heap Min Capacity: 8M
 Heap Initial Capacity: 384M
 Heap Max Capacity: 6108M
 Pre-touch: Disabled
 Parallel Workers: 15
 Concurrent Workers: 4
 Concurrent Refinement Workers: 15
 Periodic GC: Disabled
Heap:
 garbage-first heap   total 233472K, used 54437K [0x0000000682400000, 0x0000000800000000)
  region size 4096K, 8 young (32768K), 4 survivors (16384K)
 Metaspace       used 29903K, committed 30208K, reserved 1114112K
  class space    used 3332K, committed 3456K, reserved 1048576K
GC Heap History (14 events):
Event: 0.567 GC heap before
{Heap before GC invocations=0 (full 0):
 garbage-first heap   total 393216K, used 20480K [0x0000000682400000, 0x0000000800000000)
  region size 4096K, 5 young (20480K), 0 survivors (0K)
 Metaspace       used 5491K, committed 5632K, reserved 1114112K
  class space    used 638K, committed 704K, reserved 1048576K
}
Event: 0.570 GC heap after
{Heap after GC invocations=1 (full 0):
 garbage-first heap   total 393216K, used 3758K [0x0000000682400000, 0x0000000800000000)
  region size 4096K, 1 young (4096K), 1 survivors (4096K)
 Metaspace       used 5491K, committed 5632K, reserved 1114112K
  class space    used 638K, committed 704K, reserved 1048576K
}
Event: 0.912 GC heap before
{Heap before GC invocations=1 (full 0):
 garbage-first heap   total 393216K, used 28334K [0x0000000682400000, 0x0000000800000000)
  region size 4096K, 7 young (28672K), 1 survivors (4096K)
 Metaspace       used 7548K, committed 7680K, reserved 1114112K
  class space    used 887K, committed 960K, reserved 1048576K
}
Event: 0.916 GC heap after
{Heap after GC invocations=2 (full 0):
 garbage-first heap   total 393216K, used 4575K [0x0000000682400000, 0x0000000800000000)
  region size 4096K, 1 young (4096K), 1 survivors (4096K)
 Metaspace       used 7548K, committed 7680K, reserved 1114112K
  class space    used 887K, committed 960K, reserved 1048576K
}
Event: 3.954 GC heap before
{Heap before GC invocations=2 (full 0):
 garbage-first heap   total 393216K, used 123359K [0x0000000682400000, 0x0000000800000000)
  region size 4096K, 31 young (126976K), 1 survivors (4096K)
 Metaspace       used 21263K, committed 21504K, reserved 1114112K
  class space    used 2484K, committed 2624K, reserved 1048576K
}
Event: 3.961 GC heap after
{Heap after GC invocations=3 (full 0):
 garbage-first heap   total 393216K, used 11647K [0x0000000682400000, 0x0000000800000000)
  region size 4096K, 3 young (12288K), 3 survivors (12288K)
 Metaspace       used 21263K, committed 21504K, reserved 1114112K
  class space    used 2484K, committed 2624K, reserved 1048576K
}
Event: 4.688 GC heap before
{Heap before GC invocations=4 (full 0):
 garbage-first heap   total 69632K, used 40319K [0x0000000682400000, 0x0000000800000000)
  region size 4096K, 10 young (40960K), 3 survivors (12288K)
 Metaspace       used 25969K, committed 26176K, reserved 1114112K
  class space    used 2991K, committed 3072K, reserved 1048576K
}
Event: 4.702 GC heap after
{Heap after GC invocations=5 (full 0):
 garbage-first heap   total 69632K, used 20804K [0x0000000682400000, 0x0000000800000000)
  region size 4096K, 2 young (8192K), 2 survivors (8192K)
 Metaspace       used 25969K, committed 26176K, reserved 1114112K
  class space    used 2991K, committed 3072K, reserved 1048576K
}
Event: 4.870 GC heap before
{Heap before GC invocations=5 (full 0):
 garbage-first heap   total 69632K, used 20804K [0x0000000682400000, 0x0000000800000000)
  region size 4096K, 3 young (12288K), 2 survivors (8192K)
 Metaspace       used 25997K, committed 26176K, reserved 1114112K
  class space    used 2993K, committed 3072K, reserved 1048576K
}
Event: 4.891 GC heap after
{Heap after GC invocations=6 (full 0):
 garbage-first heap   total 69632K, used 23882K [0x0000000682400000, 0x0000000800000000)
  region size 4096K, 1 young (4096K), 1 survivors (4096K)
 Metaspace       used 25997K, committed 26176K, reserved 1114112K
  class space    used 2993K, committed 3072K, reserved 1048576K
}
Event: 5.107 GC heap before
{Heap before GC invocations=6 (full 0):
 garbage-first heap   total 69632K, used 40266K [0x0000000682400000, 0x0000000800000000)
  region size 4096K, 5 young (20480K), 1 survivors (4096K)
 Metaspace       used 26017K, committed 26240K, reserved 1114112K
  class space    used 2993K, committed 3072K, reserved 1048576K
}
Event: 5.113 GC heap after
{Heap after GC invocations=7 (full 0):
 garbage-first heap   total 233472K, used 28672K [0x0000000682400000, 0x0000000800000000)
  region size 4096K, 1 young (4096K), 1 survivors (4096K)
 Metaspace       used 26017K, committed 26240K, reserved 1114112K
  class space    used 2993K, committed 3072K, reserved 1048576K
}
Event: 7.486 GC heap before
{Heap before GC invocations=7 (full 0):
 garbage-first heap   total 233472K, used 135168K [0x0000000682400000, 0x0000000800000000)
  region size 4096K, 27 young (110592K), 1 survivors (4096K)
 Metaspace       used 29783K, committed 30080K, reserved 1114112K
  class space    used 3326K, committed 3456K, reserved 1048576K
}
Event: 7.516 GC heap after
{Heap after GC invocations=8 (full 0):
 garbage-first heap   total 233472K, used 42149K [0x0000000682400000, 0x0000000800000000)
  region size 4096K, 4 young (16384K), 4 survivors (16384K)
 Metaspace       used 29783K, committed 30080K, reserved 1114112K
  class space    used 3326K, committed 3456K, reserved 1048576K
}

